<?xml version="1.0" encoding="UTF-8"?>
<testng-results ignored="0" total="1" passed="1" failed="0" skipped="0">
  <reporter-output>
  </reporter-output>
  <suite started-at="2022-12-07T00:19:27 IST" name="Default suite" finished-at="2022-12-07T00:19:30 IST" duration-ms="3259">
    <groups>
    </groups>
    <test started-at="2022-12-07T00:19:27 IST" name="Default test" finished-at="2022-12-07T00:19:30 IST" duration-ms="3259">
      <class name="stqa.Assertions_testng">
        <test-method signature="assertOrange()[pri:0, instance:stqa.Assertions_testng@dd8ba08]" started-at="2022-12-07T00:19:27 IST" name="assertOrange" finished-at="2022-12-07T00:19:30 IST" duration-ms="3198" status="PASS">
          <reporter-output>
          </reporter-output>
        </test-method> <!-- assertOrange -->
      </class> <!-- stqa.Assertions_testng -->
    </test> <!-- Default test -->
  </suite> <!-- Default suite -->
</testng-results>
